0 info it worked if it ends with ok
1 verbose cli [ 'node',
1 verbose cli   '/usr/local/bin/npm',
1 verbose cli   'install',
1 verbose cli   'gulp-favicons',
1 verbose cli   '--save-dev' ]
2 info using npm@2.7.4
3 info using node@v0.12.2
4 warn package.json newsite@1.0.0 No repository field.
5 silly cache add args [ 'gulp-favicons', null ]
6 verbose cache add spec gulp-favicons
7 silly cache add parsed spec { raw: 'gulp-favicons',
7 silly cache add   scope: null,
7 silly cache add   name: 'gulp-favicons',
7 silly cache add   rawSpec: '',
7 silly cache add   spec: '*',
7 silly cache add   type: 'range' }
8 verbose addNamed gulp-favicons@*
9 silly addNamed semver.valid null
10 silly addNamed semver.validRange *
11 silly addNameRange { name: 'gulp-favicons', range: '*', hasData: false }
12 silly mapToRegistry name gulp-favicons
13 silly mapToRegistry using default registry
14 silly mapToRegistry registry https://registry.npmjs.org/
15 silly mapToRegistry uri https://registry.npmjs.org/gulp-favicons
16 verbose addNameRange registry:https://registry.npmjs.org/gulp-favicons not in flight; fetching
17 verbose request uri https://registry.npmjs.org/gulp-favicons
18 verbose request no auth needed
19 info attempt registry request try #1 at 11:37:49 AM
20 verbose request id 9646b9137106f75a
21 http request GET https://registry.npmjs.org/gulp-favicons
22 http 200 https://registry.npmjs.org/gulp-favicons
23 silly get cb [ 200,
23 silly get   { server: 'CouchDB/1.5.0 (Erlang OTP/R16B03)',
23 silly get     etag: '"E3SQAJL6UBF87J5MJVNMRLY9P"',
23 silly get     'content-type': 'application/json',
23 silly get     'cache-control': 'max-age=60',
23 silly get     'content-length': '13953',
23 silly get     'accept-ranges': 'bytes',
23 silly get     date: 'Wed, 17 Jun 2015 15:37:49 GMT',
23 silly get     via: '1.1 varnish',
23 silly get     age: '0',
23 silly get     connection: 'keep-alive',
23 silly get     'x-served-by': 'cache-iad2138-IAD',
23 silly get     'x-cache': 'MISS',
23 silly get     'x-cache-hits': '0',
23 silly get     'x-timer': 'S1434555469.688053,VS0,VE12',
23 silly get     vary: 'Accept' } ]
24 verbose get saving gulp-favicons to /Users/jharrity/.npm/registry.npmjs.org/gulp-favicons/.cache.json
25 silly addNameRange number 2 { name: 'gulp-favicons', range: '*', hasData: true }
26 silly addNameRange versions [ 'gulp-favicons',
26 silly addNameRange   [ '1.0.0',
26 silly addNameRange     '1.0.1',
26 silly addNameRange     '1.0.2',
26 silly addNameRange     '1.0.3',
26 silly addNameRange     '1.0.4',
26 silly addNameRange     '1.0.5',
26 silly addNameRange     '1.0.6',
26 silly addNameRange     '1.0.7',
26 silly addNameRange     '1.0.8',
26 silly addNameRange     '1.0.9' ] ]
27 verbose addNamed gulp-favicons@1.0.9
28 silly addNamed semver.valid 1.0.9
29 silly addNamed semver.validRange 1.0.9
30 silly mapToRegistry name gulp-favicons
31 silly mapToRegistry using default registry
32 silly mapToRegistry registry https://registry.npmjs.org/
33 silly mapToRegistry uri https://registry.npmjs.org/gulp-favicons
34 verbose addRemoteTarball https://registry.npmjs.org/gulp-favicons/-/gulp-favicons-1.0.9.tgz not in flight; adding
35 verbose addRemoteTarball [ 'https://registry.npmjs.org/gulp-favicons/-/gulp-favicons-1.0.9.tgz',
35 verbose addRemoteTarball   'cae30ca6d62e49d0d4111b84845439e12ceeeff0' ]
36 info retry fetch attempt 1 at 11:37:49 AM
37 info attempt registry request try #1 at 11:37:49 AM
38 http fetch GET https://registry.npmjs.org/gulp-favicons/-/gulp-favicons-1.0.9.tgz
39 http fetch 200 https://registry.npmjs.org/gulp-favicons/-/gulp-favicons-1.0.9.tgz
40 silly fetchAndShaCheck shasum cae30ca6d62e49d0d4111b84845439e12ceeeff0
41 verbose addTmpTarball /var/folders/p_/0gq_2zb51lqdcpp3wph014yws81yx8/T/npm-22127-d2a85be5/registry.npmjs.org/gulp-favicons/-/gulp-favicons-1.0.9.tgz not in flight; adding
42 verbose addTmpTarball already have metadata; skipping unpack for gulp-favicons@1.0.9
43 silly cache afterAdd gulp-favicons@1.0.9
44 verbose afterAdd /Users/jharrity/.npm/gulp-favicons/1.0.9/package/package.json not in flight; writing
45 verbose afterAdd /Users/jharrity/.npm/gulp-favicons/1.0.9/package/package.json written
46 silly install resolved [ { name: 'gulp-favicons',
46 silly install resolved     version: '1.0.9',
46 silly install resolved     description: 'Favicons generator for Gulp',
46 silly install resolved     main: 'index.js',
46 silly install resolved     repository:
46 silly install resolved      { type: 'git',
46 silly install resolved        url: 'https://github.com/haydenbleasel/gulp-favicons.git' },
46 silly install resolved     scripts: { test: 'cd test && gulp' },
46 silly install resolved     keywords: [ 'favicons', 'generator', 'rfg', 'gulp', 'gulpplugin' ],
46 silly install resolved     author: { name: 'Hayden Bleasel', email: 'haydenbleasel@gmail.com' },
46 silly install resolved     license: 'ISC',
46 silly install resolved     bugs: { url: 'https://github.com/haydenbleasel/gulp-favicons/issues' },
46 silly install resolved     homepage: 'https://github.com/haydenbleasel/gulp-favicons',
46 silly install resolved     dependencies:
46 silly install resolved      { cheerio: '*',
46 silly install resolved        favicons: '*',
46 silly install resolved        'gulp-util': '*',
46 silly install resolved        'merge-defaults': '*',
46 silly install resolved        mkdirp: '*',
46 silly install resolved        through2: '*',
46 silly install resolved        underscore: '*' },
46 silly install resolved     devDependencies: { gulp: '*' },
46 silly install resolved     gitHead: 'f9142448c9c08b5d9ba11adccb71c821b7a06c6b',
46 silly install resolved     _id: 'gulp-favicons@1.0.9',
46 silly install resolved     _shasum: 'cae30ca6d62e49d0d4111b84845439e12ceeeff0',
46 silly install resolved     _from: 'gulp-favicons@*',
46 silly install resolved     _npmVersion: '2.7.3',
46 silly install resolved     _nodeVersion: '0.12.1',
46 silly install resolved     _npmUser: { name: 'haydenbleasel', email: 'haydenbleasel@gmail.com' },
46 silly install resolved     maintainers: [ [Object] ],
46 silly install resolved     dist:
46 silly install resolved      { shasum: 'cae30ca6d62e49d0d4111b84845439e12ceeeff0',
46 silly install resolved        tarball: 'http://registry.npmjs.org/gulp-favicons/-/gulp-favicons-1.0.9.tgz' },
46 silly install resolved     directories: {},
46 silly install resolved     _resolved: 'https://registry.npmjs.org/gulp-favicons/-/gulp-favicons-1.0.9.tgz' } ]
47 info install gulp-favicons@1.0.9 into /Users/jharrity/Desktop/sites/portfolio
48 info installOne gulp-favicons@1.0.9
49 verbose installOne of gulp-favicons to /Users/jharrity/Desktop/sites/portfolio not in flight; installing
50 warn locking Error: EACCES, open '/Users/jharrity/.npm/_locks/gulp-favicons-1aeaa72ba4dc5eb7.lock'
50 warn locking     at Error (native)
50 warn locking  /Users/jharrity/.npm/_locks/gulp-favicons-1aeaa72ba4dc5eb7.lock failed { [Error: EACCES, open '/Users/jharrity/.npm/_locks/gulp-favicons-1aeaa72ba4dc5eb7.lock']
50 warn locking   errno: -13,
50 warn locking   code: 'EACCES',
50 warn locking   path: '/Users/jharrity/.npm/_locks/gulp-favicons-1aeaa72ba4dc5eb7.lock' }
51 verbose stack Error: Attempt to unlock /Users/jharrity/Desktop/sites/portfolio/node_modules/gulp-favicons, which hasn't been locked
51 verbose stack     at unlock (/usr/local/lib/node_modules/npm/lib/utils/locker.js:66:11)
51 verbose stack     at cb (/usr/local/lib/node_modules/npm/lib/install.js:1004:5)
51 verbose stack     at /usr/local/lib/node_modules/npm/lib/install.js:1008:20
51 verbose stack     at /usr/local/lib/node_modules/npm/lib/utils/locker.js:40:9
51 verbose stack     at cb (/usr/local/lib/node_modules/npm/node_modules/lockfile/lockfile.js:149:38)
51 verbose stack     at /usr/local/lib/node_modules/npm/node_modules/lockfile/lockfile.js:177:38
51 verbose stack     at FSReqWrap.oncomplete (fs.js:95:15)
52 verbose cwd /Users/jharrity/Desktop/sites/portfolio
53 error Darwin 14.0.0
54 error argv "node" "/usr/local/bin/npm" "install" "gulp-favicons" "--save-dev"
55 error node v0.12.2
56 error npm  v2.7.4
57 error Attempt to unlock /Users/jharrity/Desktop/sites/portfolio/node_modules/gulp-favicons, which hasn't been locked
58 error If you need help, you may report this error at:
58 error     <https://github.com/npm/npm/issues>
59 verbose exit [ 1, true ]
